<?xml version="1.0" encoding="UTF-8" ?>
<testsuite tests="7" failures="6" name="evosuite.AbstractSort_ESTest" time="0" errors="0" skipped="0">
  <properties>
    <property name="idea.version" value="13.1.4"/>
    <property name="java.runtime.name" value="Java(TM) SE Runtime Environment"/>
    <property name="sun.boot.library.path" value="/usr/lib/jvm/java-8-oracle/jre/lib/amd64"/>
    <property name="java.vm.version" value="25.25-b02"/>
    <property name="java.vm.vendor" value="Oracle Corporation"/>
    <property name="java.vendor.url" value="http://java.oracle.com/"/>
    <property name="path.separator" value=":"/>
    <property name="guice.disable.misplaced.annotation.check" value="true"/>
    <property name="java.vm.name" value="Java HotSpot(TM) 64-Bit Server VM"/>
    <property name="file.encoding.pkg" value="sun.io"/>
    <property name="idea.launcher.port" value="7545"/>
    <property name="user.country" value="FR"/>
    <property name="sun.java.launcher" value="SUN_STANDARD"/>
    <property name="sun.os.patch.level" value="unknown"/>
    <property name="java.vm.specification.name" value="Java Virtual Machine Specification"/>
    <property name="user.dir" value="/home/gchapel/workspace/trash/evosuite"/>
    <property name="java.runtime.version" value="1.8.0_25-b17"/>
    <property name="java.awt.graphicsenv" value="sun.awt.X11GraphicsEnvironment"/>
    <property name="java.endorsed.dirs" value="/usr/lib/jvm/java-8-oracle/jre/lib/endorsed"/>
    <property name="os.arch" value="amd64"/>
    <property name="java.io.tmpdir" value="/tmp"/>
    <property name="line.separator" value="
"/>
    <property name="java.vm.specification.vendor" value="Oracle Corporation"/>
    <property name="os.name" value="Linux"/>
    <property name="classworlds.conf" value="/usr/share/maven/bin/m2.conf"/>
    <property name="sun.jnu.encoding" value="UTF-8"/>
    <property name="java.library.path" value="/opt/idea-IC-135.1230/bin::/usr/java/packages/lib/amd64:/usr/lib64:/lib64:/lib:/usr/lib"/>
    <property name="java.specification.name" value="Java Platform API Specification"/>
    <property name="java.class.version" value="52.0"/>
    <property name="sun.management.compiler" value="HotSpot 64-Bit Tiered Compilers"/>
    <property name="os.version" value="3.13.0-37-generic"/>
    <property name="user.home" value="/home/gchapel"/>
    <property name="user.timezone" value="Europe/Paris"/>
    <property name="java.awt.printerjob" value="sun.print.PSPrinterJob"/>
    <property name="java.specification.version" value="1.8"/>
    <property name="idea.launcher.bin.path" value="/opt/idea-IC-135.1230/bin"/>
    <property name="file.encoding" value="UTF-8"/>
    <property name="user.name" value="gchapel"/>
    <property name="java.class.path" value="/usr/share/maven/boot/plexus-classworlds-2.x.jar:/opt/idea-IC-135.1230/lib/idea_rt.jar"/>
    <property name="java.vm.specification.version" value="1.8"/>
    <property name="sun.arch.data.model" value="64"/>
    <property name="java.home" value="/usr/lib/jvm/java-8-oracle/jre"/>
    <property name="sun.java.command" value="com.intellij.rt.execution.application.AppMain org.codehaus.classworlds.Launcher -Didea.version=13.1.4 test"/>
    <property name="java.specification.vendor" value="Oracle Corporation"/>
    <property name="user.language" value="fr"/>
    <property name="awt.toolkit" value="sun.awt.X11.XToolkit"/>
    <property name="java.vm.info" value="mixed mode"/>
    <property name="java.version" value="1.8.0_25"/>
    <property name="java.ext.dirs" value="/usr/lib/jvm/java-8-oracle/jre/lib/ext:/usr/java/packages/lib/ext"/>
    <property name="securerandom.source" value="file:/dev/./urandom"/>
    <property name="sun.boot.class.path" value="/usr/lib/jvm/java-8-oracle/jre/lib/resources.jar:/usr/lib/jvm/java-8-oracle/jre/lib/rt.jar:/usr/lib/jvm/java-8-oracle/jre/lib/sunrsasign.jar:/usr/lib/jvm/java-8-oracle/jre/lib/jsse.jar:/usr/lib/jvm/java-8-oracle/jre/lib/jce.jar:/usr/lib/jvm/java-8-oracle/jre/lib/charsets.jar:/usr/lib/jvm/java-8-oracle/jre/lib/jfr.jar:/usr/lib/jvm/java-8-oracle/jre/classes"/>
    <property name="java.vendor" value="Oracle Corporation"/>
    <property name="maven.home" value="/usr/share/maven"/>
    <property name="file.separator" value="/"/>
    <property name="java.vendor.url.bug" value="http://bugreport.sun.com/bugreport/"/>
    <property name="sun.cpu.endian" value="little"/>
    <property name="sun.io.unicode.encoding" value="UnicodeLittle"/>
    <property name="sun.cpu.isalist" value=""/>
  </properties>
  <testcase classname="evosuite.AbstractSort_ESTest" name="evosuite.AbstractSort_ESTest.test0" time="0">
    <failure message="evosuite/AbstractSort" type="java.lang.NoClassDefFoundError">java.lang.NoClassDefFoundError: evosuite/AbstractSort
	at evosuite.AbstractSort_ESTest.test0(AbstractSort_ESTest.java:34)
Caused by: java.lang.ClassNotFoundException: evosuite.AbstractSort
	at java.net.URLClassLoader$1.run(URLClassLoader.java:372)
	at java.net.URLClassLoader$1.run(URLClassLoader.java:361)
	at java.security.AccessController.doPrivileged(Native Method)
	at java.net.URLClassLoader.findClass(URLClassLoader.java:360)
	at java.lang.ClassLoader.loadClass(ClassLoader.java:424)
	at sun.misc.Launcher$AppClassLoader.loadClass(Launcher.java:308)
	at java.lang.ClassLoader.loadClass(ClassLoader.java:357)
	... 19 more
</failure>
  </testcase>
  <testcase classname="evosuite.AbstractSort_ESTest" name="evosuite.AbstractSort_ESTest.test1" time="0">
    <failure message="evosuite/AbstractSort" type="java.lang.NoClassDefFoundError">java.lang.NoClassDefFoundError: evosuite/AbstractSort
	at evosuite.AbstractSort_ESTest.test1(AbstractSort_ESTest.java:55)
</failure>
  </testcase>
  <testcase classname="evosuite.AbstractSort_ESTest" name="evosuite.AbstractSort_ESTest.test2" time="0">
    <failure message="evosuite/AbstractSort" type="java.lang.NoClassDefFoundError">java.lang.NoClassDefFoundError: evosuite/AbstractSort
	at evosuite.AbstractSort_ESTest.test2(AbstractSort_ESTest.java:77)
</failure>
  </testcase>
  <testcase classname="evosuite.AbstractSort_ESTest" name="evosuite.AbstractSort_ESTest.test3" time="0">
    <failure message="evosuite/AbstractSort" type="java.lang.NoClassDefFoundError">java.lang.NoClassDefFoundError: evosuite/AbstractSort
	at evosuite.AbstractSort_ESTest.test3(AbstractSort_ESTest.java:92)
</failure>
  </testcase>
  <testcase classname="evosuite.AbstractSort_ESTest" name="evosuite.AbstractSort_ESTest.test4" time="0">
    <failure message="evosuite/AbstractSort" type="java.lang.NoClassDefFoundError">java.lang.NoClassDefFoundError: evosuite/AbstractSort
	at evosuite.AbstractSort_ESTest.test4(AbstractSort_ESTest.java:111)
</failure>
  </testcase>
  <testcase classname="evosuite.AbstractSort_ESTest" name="evosuite.AbstractSort_ESTest.test5" time="0">
    <failure message="evosuite/AbstractSort" type="java.lang.NoClassDefFoundError">java.lang.NoClassDefFoundError: evosuite/AbstractSort
	at evosuite.AbstractSort_ESTest.test5(AbstractSort_ESTest.java:132)
</failure>
  </testcase>
  <testcase classname="evosuite.AbstractSort_ESTest" name="evosuite.AbstractSort_ESTest.test6" time="0"/>
</testsuite>